<?xml version="1.0" encoding="UTF-8"?>
<testsuite xmlns:xsi="http://www.w3.org/2001/XMLSchema-instance" xsi:noNamespaceSchemaLocation="https://maven.apache.org/surefire/maven-surefire-plugin/xsd/surefire-test-report.xsd" name="aula_inatel.API_trabalho.APIRunner" time="13.341" tests="6" errors="0" skipped="0" failures="0">
  <properties>
[...]
</properties>
  <testcase name="testSouthPark[1][1]" classname="aula_inatel.API_trabalho.APIRunner" time="6.124"/>
  <testcase name="testSouthPark[1][2]" classname="aula_inatel.API_trabalho.APIRunner" time="0.718"/>
  <testcase name="testSouthPark[1][3]" classname="aula_inatel.API_trabalho.APIRunner" time="0.844"/>
  <testcase name="testSouthPark[1][4]" classname="aula_inatel.API_trabalho.APIRunner" time="0.686"/>
  <testcase name="testSouthPark[1][5]" classname="aula_inatel.API_trabalho.APIRunner" time="0.708"/>
  <testcase name="testSouthPark[1][6]" classname="aula_inatel.API_trabalho.APIRunner" time="2.615"/>
</testsuite>